20-May-2025 10:41:45.273 INFO [main] org.apache.catalina.startup.VersionLoggerListener.log Server version name:   Apache Tomcat/9.0.105
20-May-2025 10:41:45.293 INFO [main] org.apache.catalina.startup.VersionLoggerListener.log Server built:          May 7 2025 18:36:02 UTC
20-May-2025 10:41:45.294 INFO [main] org.apache.catalina.startup.VersionLoggerListener.log Server version number: 9.0.105.0
20-May-2025 10:41:45.294 INFO [main] org.apache.catalina.startup.VersionLoggerListener.log OS Name:               Windows 11
20-May-2025 10:41:45.294 INFO [main] org.apache.catalina.startup.VersionLoggerListener.log OS Version:            10.0
20-May-2025 10:41:45.294 INFO [main] org.apache.catalina.startup.VersionLoggerListener.log Architecture:          amd64
20-May-2025 10:41:45.294 INFO [main] org.apache.catalina.startup.VersionLoggerListener.log Java Home:             C:\Users\valez\.jdks\corretto-17.0.10
20-May-2025 10:41:45.294 INFO [main] org.apache.catalina.startup.VersionLoggerListener.log JVM Version:           17.0.10+7-LTS
20-May-2025 10:41:45.294 INFO [main] org.apache.catalina.startup.VersionLoggerListener.log JVM Vendor:            Amazon.com Inc.
20-May-2025 10:41:45.294 INFO [main] org.apache.catalina.startup.VersionLoggerListener.log CATALINA_BASE:         C:\Users\valez\Documents\NetBeansProjects\desarrollo\RefresqueriaVicoWeb\RefresqueriaVicoGestion
20-May-2025 10:41:45.294 INFO [main] org.apache.catalina.startup.VersionLoggerListener.log CATALINA_HOME:         C:\Program Files\Apache Software Foundation\Tomcat 9.0
20-May-2025 10:41:45.306 INFO [main] org.apache.catalina.startup.VersionLoggerListener.log Command line argument: --add-opens=java.base/java.lang=ALL-UNNAMED
20-May-2025 10:41:45.307 INFO [main] org.apache.catalina.startup.VersionLoggerListener.log Command line argument: --add-opens=java.base/java.io=ALL-UNNAMED
20-May-2025 10:41:45.307 INFO [main] org.apache.catalina.startup.VersionLoggerListener.log Command line argument: --add-opens=java.base/java.util=ALL-UNNAMED
20-May-2025 10:41:45.307 INFO [main] org.apache.catalina.startup.VersionLoggerListener.log Command line argument: --add-opens=java.base/java.util.concurrent=ALL-UNNAMED
20-May-2025 10:41:45.307 INFO [main] org.apache.catalina.startup.VersionLoggerListener.log Command line argument: --add-opens=java.rmi/sun.rmi.transport=ALL-UNNAMED
20-May-2025 10:41:45.307 INFO [main] org.apache.catalina.startup.VersionLoggerListener.log Command line argument: -Dcatalina.home=C:\Program Files\Apache Software Foundation\Tomcat 9.0
20-May-2025 10:41:45.307 INFO [main] org.apache.catalina.startup.VersionLoggerListener.log Command line argument: -Dcatalina.base=C:\Users\valez\Documents\NetBeansProjects\desarrollo\RefresqueriaVicoWeb\RefresqueriaVicoGestion
20-May-2025 10:41:45.308 INFO [main] org.apache.catalina.startup.VersionLoggerListener.log Command line argument: -Djava.io.tmpdir=C:\Users\valez\Documents\NetBeansProjects\desarrollo\RefresqueriaVicoWeb\RefresqueriaVicoGestion\temp
20-May-2025 10:41:45.308 INFO [main] org.apache.catalina.startup.VersionLoggerListener.log Command line argument: -Djava.util.logging.config.file=C:\Users\valez\Documents\NetBeansProjects\desarrollo\RefresqueriaVicoWeb\RefresqueriaVicoGestion\conf\logging.properties
20-May-2025 10:41:45.308 INFO [main] org.apache.catalina.startup.VersionLoggerListener.log Command line argument: -Djava.util.logging.manager=org.apache.juli.ClassLoaderLogManager
20-May-2025 10:41:45.308 INFO [main] org.apache.catalina.startup.VersionLoggerListener.log Command line argument: -javaagent:C:\Program Files\JetBrains\IntelliJ IDEA 2023.3.4\lib\idea_rt.jar=56201:C:\Program Files\JetBrains\IntelliJ IDEA 2023.3.4\bin
20-May-2025 10:41:45.308 INFO [main] org.apache.catalina.startup.VersionLoggerListener.log Command line argument: -Dfile.encoding=UTF-8
20-May-2025 10:41:45.320 INFO [main] org.apache.catalina.core.AprLifecycleListener.lifecycleEvent The Apache Tomcat Native library which allows using OpenSSL was not found on the java.library.path: [C:\Users\valez\.jdks\corretto-17.0.10\bin;C:\WINDOWS\Sun\Java\bin;C:\WINDOWS\system32;C:\WINDOWS;C:\Program Files (x86)\Common Files\Oracle\Java\javapath;C:\Program Files\Common Files\Oracle\Java\javapath;C:\Windows\system32;C:\Windows;C:\Windows\System32\Wbem;C:\Windows\System32\WindowsPowerShell\v1.0\;C:\Windows\System32\OpenSSH\;C:\Program Files (x86)\NVIDIA Corporation\PhysX\Common;C:\Program Files\Git\cmd;C:\Program Files\Microsoft SQL Server\150\Tools\Binn\;C:\Program Files\Microsoft SQL Server\Client SDK\ODBC\170\Tools\Binn\;C:\Program Files\dotnet\;C:\Program Files\nodejs\;C:\WINDOWS\system32;C:\WINDOWS;C:\WINDOWS\System32\Wbem;C:\WINDOWS\System32\WindowsPowerShell\v1.0\;C:\WINDOWS\System32\OpenSSH\;C:\Program Files (x86)\MySQL\MySQL Fabric 1.5 & MySQL Utilities 1.5\;C:\Program Files (x86)\MySQL\MySQL Fabric 1.5 & MySQL Utilities 1.5\Doctrine extensions for PHP\;C:\Program Files\NVIDIA Corporation\NVIDIA App\NvDLISR;C:\Program Files\Cloudflare\Cloudflare WARP\;C:\Users\valez\AppData\Local\Microsoft\WindowsApps;C:\Users\valez\AppData\Local\Programs\Microsoft VS Code\bin;C:\Users\valez\AppData\Local\GitHubDesktop\bin;C:\Users\valez\.dotnet\tools;C:\Users\valez\AppData\Roaming\npm;C:\Users\valez\Documents\Personal\sqlite\sqlite-tools-win-x64-3490100;;.]
20-May-2025 10:41:45.636 INFO [main] org.apache.coyote.AbstractProtocol.init Initializing ProtocolHandler ["http-nio-8081"]
20-May-2025 10:41:45.656 INFO [main] org.apache.catalina.startup.Catalina.load Server initialization in [667] milliseconds
20-May-2025 10:41:45.750 INFO [main] org.apache.catalina.core.StandardService.startInternal Starting service [Catalina]
20-May-2025 10:41:45.751 INFO [main] org.apache.catalina.core.StandardEngine.startInternal Starting Servlet engine: [Apache Tomcat/9.0.105]
20-May-2025 10:41:45.767 INFO [main] org.apache.catalina.startup.HostConfig.deployDescriptor Deploying deployment descriptor [C:\Users\valez\Documents\NetBeansProjects\desarrollo\RefresqueriaVicoWeb\RefresqueriaVicoGestion\conf\Catalina\localhost\RefresqueriaVicoGestion.xml]
20-May-2025 10:41:49.625 INFO [main] org.apache.jasper.servlet.TldScanner.scanJars At least one JAR was scanned for TLDs yet contained no TLDs. Enable debug logging for this logger for a complete list of JARs that were scanned but no TLDs were found in them. Skipping unneeded JARs during scanning can improve startup time and JSP compilation time.
20-May-2025 10:41:49.726 INFO [main] org.apache.catalina.startup.HostConfig.deployDescriptor Deployment of deployment descriptor [C:\Users\valez\Documents\NetBeansProjects\desarrollo\RefresqueriaVicoWeb\RefresqueriaVicoGestion\conf\Catalina\localhost\RefresqueriaVicoGestion.xml] has finished in [3,958] ms
20-May-2025 10:41:49.729 INFO [main] org.apache.coyote.AbstractProtocol.start Starting ProtocolHandler ["http-nio-8081"]
20-May-2025 10:41:49.794 INFO [main] org.apache.catalina.startup.Catalina.start Server startup in [4137] milliseconds
20-May-2025 10:43:08.869 INFO [Thread-1] org.apache.coyote.AbstractProtocol.pause Pausing ProtocolHandler ["http-nio-8081"]
20-May-2025 10:43:09.112 INFO [Thread-1] org.apache.catalina.core.StandardService.stopInternal Stopping service [Catalina]
20-May-2025 10:43:09.145 INFO [Thread-1] org.apache.coyote.AbstractProtocol.stop Stopping ProtocolHandler ["http-nio-8081"]
20-May-2025 10:43:09.153 INFO [Thread-1] org.apache.coyote.AbstractProtocol.destroy Destroying ProtocolHandler ["http-nio-8081"]
20-May-2025 10:44:05.644 INFO [main] org.apache.catalina.startup.VersionLoggerListener.log Server version name:   Apache Tomcat/9.0.105
20-May-2025 10:44:05.650 INFO [main] org.apache.catalina.startup.VersionLoggerListener.log Server built:          May 7 2025 18:36:02 UTC
20-May-2025 10:44:05.650 INFO [main] org.apache.catalina.startup.VersionLoggerListener.log Server version number: 9.0.105.0
20-May-2025 10:44:05.651 INFO [main] org.apache.catalina.startup.VersionLoggerListener.log OS Name:               Windows 11
20-May-2025 10:44:05.651 INFO [main] org.apache.catalina.startup.VersionLoggerListener.log OS Version:            10.0
20-May-2025 10:44:05.651 INFO [main] org.apache.catalina.startup.VersionLoggerListener.log Architecture:          amd64
20-May-2025 10:44:05.651 INFO [main] org.apache.catalina.startup.VersionLoggerListener.log Java Home:             C:\Users\valez\.jdks\corretto-17.0.10
20-May-2025 10:44:05.651 INFO [main] org.apache.catalina.startup.VersionLoggerListener.log JVM Version:           17.0.10+7-LTS
20-May-2025 10:44:05.651 INFO [main] org.apache.catalina.startup.VersionLoggerListener.log JVM Vendor:            Amazon.com Inc.
20-May-2025 10:44:05.651 INFO [main] org.apache.catalina.startup.VersionLoggerListener.log CATALINA_BASE:         C:\Users\valez\Documents\NetBeansProjects\desarrollo\RefresqueriaVicoWeb\RefresqueriaVicoGestion
20-May-2025 10:44:05.651 INFO [main] org.apache.catalina.startup.VersionLoggerListener.log CATALINA_HOME:         C:\Program Files\Apache Software Foundation\Tomcat 9.0
20-May-2025 10:44:05.665 INFO [main] org.apache.catalina.startup.VersionLoggerListener.log Command line argument: --add-opens=java.base/java.lang=ALL-UNNAMED
20-May-2025 10:44:05.665 INFO [main] org.apache.catalina.startup.VersionLoggerListener.log Command line argument: --add-opens=java.base/java.io=ALL-UNNAMED
20-May-2025 10:44:05.666 INFO [main] org.apache.catalina.startup.VersionLoggerListener.log Command line argument: --add-opens=java.base/java.util=ALL-UNNAMED
20-May-2025 10:44:05.666 INFO [main] org.apache.catalina.startup.VersionLoggerListener.log Command line argument: --add-opens=java.base/java.util.concurrent=ALL-UNNAMED
20-May-2025 10:44:05.666 INFO [main] org.apache.catalina.startup.VersionLoggerListener.log Command line argument: --add-opens=java.rmi/sun.rmi.transport=ALL-UNNAMED
20-May-2025 10:44:05.666 INFO [main] org.apache.catalina.startup.VersionLoggerListener.log Command line argument: -Dcatalina.home=C:\Program Files\Apache Software Foundation\Tomcat 9.0
20-May-2025 10:44:05.666 INFO [main] org.apache.catalina.startup.VersionLoggerListener.log Command line argument: -Dcatalina.base=C:\Users\valez\Documents\NetBeansProjects\desarrollo\RefresqueriaVicoWeb\RefresqueriaVicoGestion
20-May-2025 10:44:05.666 INFO [main] org.apache.catalina.startup.VersionLoggerListener.log Command line argument: -Djava.io.tmpdir=C:\Users\valez\Documents\NetBeansProjects\desarrollo\RefresqueriaVicoWeb\RefresqueriaVicoGestion\temp
20-May-2025 10:44:05.666 INFO [main] org.apache.catalina.startup.VersionLoggerListener.log Command line argument: -Djava.util.logging.config.file=C:\Users\valez\Documents\NetBeansProjects\desarrollo\RefresqueriaVicoWeb\RefresqueriaVicoGestion\conf\logging.properties
20-May-2025 10:44:05.666 INFO [main] org.apache.catalina.startup.VersionLoggerListener.log Command line argument: -Djava.util.logging.manager=org.apache.juli.ClassLoaderLogManager
20-May-2025 10:44:05.666 INFO [main] org.apache.catalina.startup.VersionLoggerListener.log Command line argument: -javaagent:C:\Program Files\JetBrains\IntelliJ IDEA 2023.3.4\lib\idea_rt.jar=56237:C:\Program Files\JetBrains\IntelliJ IDEA 2023.3.4\bin
20-May-2025 10:44:05.667 INFO [main] org.apache.catalina.startup.VersionLoggerListener.log Command line argument: -Dfile.encoding=UTF-8
20-May-2025 10:44:05.681 INFO [main] org.apache.catalina.core.AprLifecycleListener.lifecycleEvent The Apache Tomcat Native library which allows using OpenSSL was not found on the java.library.path: [C:\Users\valez\.jdks\corretto-17.0.10\bin;C:\WINDOWS\Sun\Java\bin;C:\WINDOWS\system32;C:\WINDOWS;C:\Program Files (x86)\Common Files\Oracle\Java\javapath;C:\Program Files\Common Files\Oracle\Java\javapath;C:\Windows\system32;C:\Windows;C:\Windows\System32\Wbem;C:\Windows\System32\WindowsPowerShell\v1.0\;C:\Windows\System32\OpenSSH\;C:\Program Files (x86)\NVIDIA Corporation\PhysX\Common;C:\Program Files\Git\cmd;C:\Program Files\Microsoft SQL Server\150\Tools\Binn\;C:\Program Files\Microsoft SQL Server\Client SDK\ODBC\170\Tools\Binn\;C:\Program Files\dotnet\;C:\Program Files\nodejs\;C:\WINDOWS\system32;C:\WINDOWS;C:\WINDOWS\System32\Wbem;C:\WINDOWS\System32\WindowsPowerShell\v1.0\;C:\WINDOWS\System32\OpenSSH\;C:\Program Files (x86)\MySQL\MySQL Fabric 1.5 & MySQL Utilities 1.5\;C:\Program Files (x86)\MySQL\MySQL Fabric 1.5 & MySQL Utilities 1.5\Doctrine extensions for PHP\;C:\Program Files\NVIDIA Corporation\NVIDIA App\NvDLISR;C:\Program Files\Cloudflare\Cloudflare WARP\;C:\Users\valez\AppData\Local\Microsoft\WindowsApps;C:\Users\valez\AppData\Local\Programs\Microsoft VS Code\bin;C:\Users\valez\AppData\Local\GitHubDesktop\bin;C:\Users\valez\.dotnet\tools;C:\Users\valez\AppData\Roaming\npm;C:\Users\valez\Documents\Personal\sqlite\sqlite-tools-win-x64-3490100;;.]
20-May-2025 10:44:06.011 INFO [main] org.apache.coyote.AbstractProtocol.init Initializing ProtocolHandler ["http-nio-8081"]
20-May-2025 10:44:06.029 INFO [main] org.apache.catalina.startup.Catalina.load Server initialization in [627] milliseconds
20-May-2025 10:44:06.092 INFO [main] org.apache.catalina.core.StandardService.startInternal Starting service [Catalina]
20-May-2025 10:44:06.092 INFO [main] org.apache.catalina.core.StandardEngine.startInternal Starting Servlet engine: [Apache Tomcat/9.0.105]
20-May-2025 10:44:06.105 INFO [main] org.apache.catalina.startup.HostConfig.deployDescriptor Deploying deployment descriptor [C:\Users\valez\Documents\NetBeansProjects\desarrollo\RefresqueriaVicoWeb\RefresqueriaVicoGestion\conf\Catalina\localhost\RefresqueriaVicoGestion.xml]
20-May-2025 10:44:09.386 INFO [main] org.apache.jasper.servlet.TldScanner.scanJars At least one JAR was scanned for TLDs yet contained no TLDs. Enable debug logging for this logger for a complete list of JARs that were scanned but no TLDs were found in them. Skipping unneeded JARs during scanning can improve startup time and JSP compilation time.
20-May-2025 10:44:09.521 INFO [main] org.apache.catalina.startup.HostConfig.deployDescriptor Deployment of deployment descriptor [C:\Users\valez\Documents\NetBeansProjects\desarrollo\RefresqueriaVicoWeb\RefresqueriaVicoGestion\conf\Catalina\localhost\RefresqueriaVicoGestion.xml] has finished in [3,416] ms
20-May-2025 10:44:09.535 INFO [main] org.apache.coyote.AbstractProtocol.start Starting ProtocolHandler ["http-nio-8081"]
20-May-2025 10:44:09.585 INFO [main] org.apache.catalina.startup.Catalina.start Server startup in [3554] milliseconds
20-May-2025 10:45:56.903 INFO [Thread-1] org.apache.coyote.AbstractProtocol.pause Pausing ProtocolHandler ["http-nio-8081"]
20-May-2025 10:45:57.557 INFO [Thread-1] org.apache.catalina.core.StandardService.stopInternal Stopping service [Catalina]
20-May-2025 10:45:57.590 INFO [Thread-1] org.apache.coyote.AbstractProtocol.stop Stopping ProtocolHandler ["http-nio-8081"]
20-May-2025 10:45:57.607 INFO [Thread-1] org.apache.coyote.AbstractProtocol.destroy Destroying ProtocolHandler ["http-nio-8081"]
20-May-2025 10:53:56.615 INFO [main] org.apache.catalina.startup.VersionLoggerListener.log Server version name:   Apache Tomcat/9.0.105
20-May-2025 10:53:56.620 INFO [main] org.apache.catalina.startup.VersionLoggerListener.log Server built:          May 7 2025 18:36:02 UTC
20-May-2025 10:53:56.620 INFO [main] org.apache.catalina.startup.VersionLoggerListener.log Server version number: 9.0.105.0
20-May-2025 10:53:56.620 INFO [main] org.apache.catalina.startup.VersionLoggerListener.log OS Name:               Windows 11
20-May-2025 10:53:56.621 INFO [main] org.apache.catalina.startup.VersionLoggerListener.log OS Version:            10.0
20-May-2025 10:53:56.621 INFO [main] org.apache.catalina.startup.VersionLoggerListener.log Architecture:          amd64
20-May-2025 10:53:56.621 INFO [main] org.apache.catalina.startup.VersionLoggerListener.log Java Home:             C:\Users\valez\.jdks\corretto-17.0.10
20-May-2025 10:53:56.621 INFO [main] org.apache.catalina.startup.VersionLoggerListener.log JVM Version:           17.0.10+7-LTS
20-May-2025 10:53:56.621 INFO [main] org.apache.catalina.startup.VersionLoggerListener.log JVM Vendor:            Amazon.com Inc.
20-May-2025 10:53:56.621 INFO [main] org.apache.catalina.startup.VersionLoggerListener.log CATALINA_BASE:         C:\Users\valez\Documents\NetBeansProjects\desarrollo\RefresqueriaVicoWeb\RefresqueriaVicoGestion
20-May-2025 10:53:56.622 INFO [main] org.apache.catalina.startup.VersionLoggerListener.log CATALINA_HOME:         C:\Program Files\Apache Software Foundation\Tomcat 9.0
20-May-2025 10:53:56.631 INFO [main] org.apache.catalina.startup.VersionLoggerListener.log Command line argument: --add-opens=java.base/java.lang=ALL-UNNAMED
20-May-2025 10:53:56.632 INFO [main] org.apache.catalina.startup.VersionLoggerListener.log Command line argument: --add-opens=java.base/java.io=ALL-UNNAMED
20-May-2025 10:53:56.632 INFO [main] org.apache.catalina.startup.VersionLoggerListener.log Command line argument: --add-opens=java.base/java.util=ALL-UNNAMED
20-May-2025 10:53:56.632 INFO [main] org.apache.catalina.startup.VersionLoggerListener.log Command line argument: --add-opens=java.base/java.util.concurrent=ALL-UNNAMED
20-May-2025 10:53:56.632 INFO [main] org.apache.catalina.startup.VersionLoggerListener.log Command line argument: --add-opens=java.rmi/sun.rmi.transport=ALL-UNNAMED
20-May-2025 10:53:56.632 INFO [main] org.apache.catalina.startup.VersionLoggerListener.log Command line argument: -Dcatalina.home=C:\Program Files\Apache Software Foundation\Tomcat 9.0
20-May-2025 10:53:56.632 INFO [main] org.apache.catalina.startup.VersionLoggerListener.log Command line argument: -Dcatalina.base=C:\Users\valez\Documents\NetBeansProjects\desarrollo\RefresqueriaVicoWeb\RefresqueriaVicoGestion
20-May-2025 10:53:56.632 INFO [main] org.apache.catalina.startup.VersionLoggerListener.log Command line argument: -Djava.io.tmpdir=C:\Users\valez\Documents\NetBeansProjects\desarrollo\RefresqueriaVicoWeb\RefresqueriaVicoGestion\temp
20-May-2025 10:53:56.632 INFO [main] org.apache.catalina.startup.VersionLoggerListener.log Command line argument: -Djava.util.logging.config.file=C:\Users\valez\Documents\NetBeansProjects\desarrollo\RefresqueriaVicoWeb\RefresqueriaVicoGestion\conf\logging.properties
20-May-2025 10:53:56.632 INFO [main] org.apache.catalina.startup.VersionLoggerListener.log Command line argument: -Djava.util.logging.manager=org.apache.juli.ClassLoaderLogManager
20-May-2025 10:53:56.632 INFO [main] org.apache.catalina.startup.VersionLoggerListener.log Command line argument: -javaagent:C:\Program Files\JetBrains\IntelliJ IDEA 2023.3.4\lib\idea_rt.jar=56335:C:\Program Files\JetBrains\IntelliJ IDEA 2023.3.4\bin
20-May-2025 10:53:56.632 INFO [main] org.apache.catalina.startup.VersionLoggerListener.log Command line argument: -Dfile.encoding=UTF-8
20-May-2025 10:53:56.642 INFO [main] org.apache.catalina.core.AprLifecycleListener.lifecycleEvent The Apache Tomcat Native library which allows using OpenSSL was not found on the java.library.path: [C:\Users\valez\.jdks\corretto-17.0.10\bin;C:\WINDOWS\Sun\Java\bin;C:\WINDOWS\system32;C:\WINDOWS;C:\Program Files (x86)\Common Files\Oracle\Java\javapath;C:\Program Files\Common Files\Oracle\Java\javapath;C:\Windows\system32;C:\Windows;C:\Windows\System32\Wbem;C:\Windows\System32\WindowsPowerShell\v1.0\;C:\Windows\System32\OpenSSH\;C:\Program Files (x86)\NVIDIA Corporation\PhysX\Common;C:\Program Files\Git\cmd;C:\Program Files\Microsoft SQL Server\150\Tools\Binn\;C:\Program Files\Microsoft SQL Server\Client SDK\ODBC\170\Tools\Binn\;C:\Program Files\dotnet\;C:\Program Files\nodejs\;C:\WINDOWS\system32;C:\WINDOWS;C:\WINDOWS\System32\Wbem;C:\WINDOWS\System32\WindowsPowerShell\v1.0\;C:\WINDOWS\System32\OpenSSH\;C:\Program Files (x86)\MySQL\MySQL Fabric 1.5 & MySQL Utilities 1.5\;C:\Program Files (x86)\MySQL\MySQL Fabric 1.5 & MySQL Utilities 1.5\Doctrine extensions for PHP\;C:\Program Files\NVIDIA Corporation\NVIDIA App\NvDLISR;C:\Program Files\Cloudflare\Cloudflare WARP\;C:\Users\valez\AppData\Local\Microsoft\WindowsApps;C:\Users\valez\AppData\Local\Programs\Microsoft VS Code\bin;C:\Users\valez\AppData\Local\GitHubDesktop\bin;C:\Users\valez\.dotnet\tools;C:\Users\valez\AppData\Roaming\npm;C:\Users\valez\Documents\Personal\sqlite\sqlite-tools-win-x64-3490100;;.]
20-May-2025 10:53:56.950 INFO [main] org.apache.coyote.AbstractProtocol.init Initializing ProtocolHandler ["http-nio-8081"]
20-May-2025 10:53:56.968 INFO [main] org.apache.catalina.startup.Catalina.load Server initialization in [600] milliseconds
20-May-2025 10:53:57.035 INFO [main] org.apache.catalina.core.StandardService.startInternal Starting service [Catalina]
20-May-2025 10:53:57.036 INFO [main] org.apache.catalina.core.StandardEngine.startInternal Starting Servlet engine: [Apache Tomcat/9.0.105]
20-May-2025 10:53:57.048 INFO [main] org.apache.catalina.startup.HostConfig.deployDescriptor Deploying deployment descriptor [C:\Users\valez\Documents\NetBeansProjects\desarrollo\RefresqueriaVicoWeb\RefresqueriaVicoGestion\conf\Catalina\localhost\RefresqueriaVicoGestion.xml]
20-May-2025 10:54:00.189 INFO [main] org.apache.jasper.servlet.TldScanner.scanJars At least one JAR was scanned for TLDs yet contained no TLDs. Enable debug logging for this logger for a complete list of JARs that were scanned but no TLDs were found in them. Skipping unneeded JARs during scanning can improve startup time and JSP compilation time.
20-May-2025 10:54:00.290 INFO [main] org.apache.catalina.startup.HostConfig.deployDescriptor Deployment of deployment descriptor [C:\Users\valez\Documents\NetBeansProjects\desarrollo\RefresqueriaVicoWeb\RefresqueriaVicoGestion\conf\Catalina\localhost\RefresqueriaVicoGestion.xml] has finished in [3,241] ms
20-May-2025 10:54:00.297 INFO [main] org.apache.coyote.AbstractProtocol.start Starting ProtocolHandler ["http-nio-8081"]
20-May-2025 10:54:00.351 INFO [main] org.apache.catalina.startup.Catalina.start Server startup in [3383] milliseconds
20-May-2025 10:54:17.184 INFO [Thread-1] org.apache.coyote.AbstractProtocol.pause Pausing ProtocolHandler ["http-nio-8081"]
20-May-2025 10:54:17.813 INFO [Thread-1] org.apache.catalina.core.StandardService.stopInternal Stopping service [Catalina]
20-May-2025 10:54:17.834 INFO [Thread-1] org.apache.coyote.AbstractProtocol.stop Stopping ProtocolHandler ["http-nio-8081"]
20-May-2025 10:54:17.855 INFO [Thread-1] org.apache.coyote.AbstractProtocol.destroy Destroying ProtocolHandler ["http-nio-8081"]
20-May-2025 10:54:54.865 INFO [main] org.apache.catalina.startup.VersionLoggerListener.log Server version name:   Apache Tomcat/9.0.105
20-May-2025 10:54:54.871 INFO [main] org.apache.catalina.startup.VersionLoggerListener.log Server built:          May 7 2025 18:36:02 UTC
20-May-2025 10:54:54.871 INFO [main] org.apache.catalina.startup.VersionLoggerListener.log Server version number: 9.0.105.0
20-May-2025 10:54:54.872 INFO [main] org.apache.catalina.startup.VersionLoggerListener.log OS Name:               Windows 11
20-May-2025 10:54:54.872 INFO [main] org.apache.catalina.startup.VersionLoggerListener.log OS Version:            10.0
20-May-2025 10:54:54.872 INFO [main] org.apache.catalina.startup.VersionLoggerListener.log Architecture:          amd64
20-May-2025 10:54:54.872 INFO [main] org.apache.catalina.startup.VersionLoggerListener.log Java Home:             C:\Users\valez\.jdks\corretto-17.0.10
20-May-2025 10:54:54.873 INFO [main] org.apache.catalina.startup.VersionLoggerListener.log JVM Version:           17.0.10+7-LTS
20-May-2025 10:54:54.873 INFO [main] org.apache.catalina.startup.VersionLoggerListener.log JVM Vendor:            Amazon.com Inc.
20-May-2025 10:54:54.873 INFO [main] org.apache.catalina.startup.VersionLoggerListener.log CATALINA_BASE:         C:\Users\valez\Documents\NetBeansProjects\desarrollo\RefresqueriaVicoWeb\RefresqueriaVicoGestion
20-May-2025 10:54:54.873 INFO [main] org.apache.catalina.startup.VersionLoggerListener.log CATALINA_HOME:         C:\Program Files\Apache Software Foundation\Tomcat 9.0
20-May-2025 10:54:54.883 INFO [main] org.apache.catalina.startup.VersionLoggerListener.log Command line argument: --add-opens=java.base/java.lang=ALL-UNNAMED
20-May-2025 10:54:54.883 INFO [main] org.apache.catalina.startup.VersionLoggerListener.log Command line argument: --add-opens=java.base/java.io=ALL-UNNAMED
20-May-2025 10:54:54.883 INFO [main] org.apache.catalina.startup.VersionLoggerListener.log Command line argument: --add-opens=java.base/java.util=ALL-UNNAMED
20-May-2025 10:54:54.883 INFO [main] org.apache.catalina.startup.VersionLoggerListener.log Command line argument: --add-opens=java.base/java.util.concurrent=ALL-UNNAMED
20-May-2025 10:54:54.883 INFO [main] org.apache.catalina.startup.VersionLoggerListener.log Command line argument: --add-opens=java.rmi/sun.rmi.transport=ALL-UNNAMED
20-May-2025 10:54:54.883 INFO [main] org.apache.catalina.startup.VersionLoggerListener.log Command line argument: -Dcatalina.home=C:\Program Files\Apache Software Foundation\Tomcat 9.0
20-May-2025 10:54:54.884 INFO [main] org.apache.catalina.startup.VersionLoggerListener.log Command line argument: -Dcatalina.base=C:\Users\valez\Documents\NetBeansProjects\desarrollo\RefresqueriaVicoWeb\RefresqueriaVicoGestion
20-May-2025 10:54:54.884 INFO [main] org.apache.catalina.startup.VersionLoggerListener.log Command line argument: -Djava.io.tmpdir=C:\Users\valez\Documents\NetBeansProjects\desarrollo\RefresqueriaVicoWeb\RefresqueriaVicoGestion\temp
20-May-2025 10:54:54.884 INFO [main] org.apache.catalina.startup.VersionLoggerListener.log Command line argument: -Djava.util.logging.config.file=C:\Users\valez\Documents\NetBeansProjects\desarrollo\RefresqueriaVicoWeb\RefresqueriaVicoGestion\conf\logging.properties
20-May-2025 10:54:54.884 INFO [main] org.apache.catalina.startup.VersionLoggerListener.log Command line argument: -Djava.util.logging.manager=org.apache.juli.ClassLoaderLogManager
20-May-2025 10:54:54.884 INFO [main] org.apache.catalina.startup.VersionLoggerListener.log Command line argument: -javaagent:C:\Program Files\JetBrains\IntelliJ IDEA 2023.3.4\lib\idea_rt.jar=56362:C:\Program Files\JetBrains\IntelliJ IDEA 2023.3.4\bin
20-May-2025 10:54:54.884 INFO [main] org.apache.catalina.startup.VersionLoggerListener.log Command line argument: -Dfile.encoding=UTF-8
20-May-2025 10:54:54.900 INFO [main] org.apache.catalina.core.AprLifecycleListener.lifecycleEvent The Apache Tomcat Native library which allows using OpenSSL was not found on the java.library.path: [C:\Users\valez\.jdks\corretto-17.0.10\bin;C:\WINDOWS\Sun\Java\bin;C:\WINDOWS\system32;C:\WINDOWS;C:\Program Files (x86)\Common Files\Oracle\Java\javapath;C:\Program Files\Common Files\Oracle\Java\javapath;C:\Windows\system32;C:\Windows;C:\Windows\System32\Wbem;C:\Windows\System32\WindowsPowerShell\v1.0\;C:\Windows\System32\OpenSSH\;C:\Program Files (x86)\NVIDIA Corporation\PhysX\Common;C:\Program Files\Git\cmd;C:\Program Files\Microsoft SQL Server\150\Tools\Binn\;C:\Program Files\Microsoft SQL Server\Client SDK\ODBC\170\Tools\Binn\;C:\Program Files\dotnet\;C:\Program Files\nodejs\;C:\WINDOWS\system32;C:\WINDOWS;C:\WINDOWS\System32\Wbem;C:\WINDOWS\System32\WindowsPowerShell\v1.0\;C:\WINDOWS\System32\OpenSSH\;C:\Program Files (x86)\MySQL\MySQL Fabric 1.5 & MySQL Utilities 1.5\;C:\Program Files (x86)\MySQL\MySQL Fabric 1.5 & MySQL Utilities 1.5\Doctrine extensions for PHP\;C:\Program Files\NVIDIA Corporation\NVIDIA App\NvDLISR;C:\Program Files\Cloudflare\Cloudflare WARP\;C:\Users\valez\AppData\Local\Microsoft\WindowsApps;C:\Users\valez\AppData\Local\Programs\Microsoft VS Code\bin;C:\Users\valez\AppData\Local\GitHubDesktop\bin;C:\Users\valez\.dotnet\tools;C:\Users\valez\AppData\Roaming\npm;C:\Users\valez\Documents\Personal\sqlite\sqlite-tools-win-x64-3490100;;.]
20-May-2025 10:54:55.218 INFO [main] org.apache.coyote.AbstractProtocol.init Initializing ProtocolHandler ["http-nio-8081"]
20-May-2025 10:54:55.240 INFO [main] org.apache.catalina.startup.Catalina.load Server initialization in [586] milliseconds
20-May-2025 10:54:55.295 INFO [main] org.apache.catalina.core.StandardService.startInternal Starting service [Catalina]
20-May-2025 10:54:55.295 INFO [main] org.apache.catalina.core.StandardEngine.startInternal Starting Servlet engine: [Apache Tomcat/9.0.105]
20-May-2025 10:54:55.309 INFO [main] org.apache.catalina.startup.HostConfig.deployDescriptor Deploying deployment descriptor [C:\Users\valez\Documents\NetBeansProjects\desarrollo\RefresqueriaVicoWeb\RefresqueriaVicoGestion\conf\Catalina\localhost\RefresqueriaVicoGestion.xml]
20-May-2025 10:54:58.205 INFO [main] org.apache.jasper.servlet.TldScanner.scanJars At least one JAR was scanned for TLDs yet contained no TLDs. Enable debug logging for this logger for a complete list of JARs that were scanned but no TLDs were found in them. Skipping unneeded JARs during scanning can improve startup time and JSP compilation time.
20-May-2025 10:54:58.315 INFO [main] org.apache.catalina.startup.HostConfig.deployDescriptor Deployment of deployment descriptor [C:\Users\valez\Documents\NetBeansProjects\desarrollo\RefresqueriaVicoWeb\RefresqueriaVicoGestion\conf\Catalina\localhost\RefresqueriaVicoGestion.xml] has finished in [3,006] ms
20-May-2025 10:54:58.319 INFO [main] org.apache.coyote.AbstractProtocol.start Starting ProtocolHandler ["http-nio-8081"]
20-May-2025 10:54:58.369 INFO [main] org.apache.catalina.startup.Catalina.start Server startup in [3127] milliseconds
20-May-2025 10:55:14.878 INFO [Thread-1] org.apache.coyote.AbstractProtocol.pause Pausing ProtocolHandler ["http-nio-8081"]
20-May-2025 10:55:15.176 INFO [Thread-1] org.apache.catalina.core.StandardService.stopInternal Stopping service [Catalina]
20-May-2025 10:55:15.192 INFO [Thread-1] org.apache.coyote.AbstractProtocol.stop Stopping ProtocolHandler ["http-nio-8081"]
20-May-2025 10:55:15.209 INFO [Thread-1] org.apache.coyote.AbstractProtocol.destroy Destroying ProtocolHandler ["http-nio-8081"]
