18-Jun-2025 22:11:07.592 INFO [main] org.apache.catalina.startup.VersionLoggerListener.log Server version name:   Apache Tomcat/9.0.105
18-Jun-2025 22:11:07.595 INFO [main] org.apache.catalina.startup.VersionLoggerListener.log Server built:          May 7 2025 18:36:02 UTC
18-Jun-2025 22:11:07.595 INFO [main] org.apache.catalina.startup.VersionLoggerListener.log Server version number: 9.0.105.0
18-Jun-2025 22:11:07.595 INFO [main] org.apache.catalina.startup.VersionLoggerListener.log OS Name:               Windows 11
18-Jun-2025 22:11:07.595 INFO [main] org.apache.catalina.startup.VersionLoggerListener.log OS Version:            10.0
18-Jun-2025 22:11:07.595 INFO [main] org.apache.catalina.startup.VersionLoggerListener.log Architecture:          amd64
18-Jun-2025 22:11:07.595 INFO [main] org.apache.catalina.startup.VersionLoggerListener.log Java Home:             C:\Users\valez\.jdks\corretto-17.0.10
18-Jun-2025 22:11:07.595 INFO [main] org.apache.catalina.startup.VersionLoggerListener.log JVM Version:           17.0.10+7-LTS
18-Jun-2025 22:11:07.595 INFO [main] org.apache.catalina.startup.VersionLoggerListener.log JVM Vendor:            Amazon.com Inc.
18-Jun-2025 22:11:07.596 INFO [main] org.apache.catalina.startup.VersionLoggerListener.log CATALINA_BASE:         C:\Users\valez\Documents\NetBeansProjects\desarrollo\RefresqueriaVicoWeb\RefresqueriaVicoGestion
18-Jun-2025 22:11:07.596 INFO [main] org.apache.catalina.startup.VersionLoggerListener.log CATALINA_HOME:         C:\Program Files\Apache Software Foundation\Tomcat 9.0
18-Jun-2025 22:11:07.606 INFO [main] org.apache.catalina.startup.VersionLoggerListener.log Command line argument: --add-opens=java.base/java.lang=ALL-UNNAMED
18-Jun-2025 22:11:07.606 INFO [main] org.apache.catalina.startup.VersionLoggerListener.log Command line argument: --add-opens=java.base/java.io=ALL-UNNAMED
18-Jun-2025 22:11:07.606 INFO [main] org.apache.catalina.startup.VersionLoggerListener.log Command line argument: --add-opens=java.base/java.util=ALL-UNNAMED
18-Jun-2025 22:11:07.606 INFO [main] org.apache.catalina.startup.VersionLoggerListener.log Command line argument: --add-opens=java.base/java.util.concurrent=ALL-UNNAMED
18-Jun-2025 22:11:07.606 INFO [main] org.apache.catalina.startup.VersionLoggerListener.log Command line argument: --add-opens=java.rmi/sun.rmi.transport=ALL-UNNAMED
18-Jun-2025 22:11:07.606 INFO [main] org.apache.catalina.startup.VersionLoggerListener.log Command line argument: -Dcatalina.home=C:\Program Files\Apache Software Foundation\Tomcat 9.0
18-Jun-2025 22:11:07.606 INFO [main] org.apache.catalina.startup.VersionLoggerListener.log Command line argument: -Dcatalina.base=C:\Users\valez\Documents\NetBeansProjects\desarrollo\RefresqueriaVicoWeb\RefresqueriaVicoGestion
18-Jun-2025 22:11:07.607 INFO [main] org.apache.catalina.startup.VersionLoggerListener.log Command line argument: -Djava.io.tmpdir=C:\Users\valez\Documents\NetBeansProjects\desarrollo\RefresqueriaVicoWeb\RefresqueriaVicoGestion\temp
18-Jun-2025 22:11:07.607 INFO [main] org.apache.catalina.startup.VersionLoggerListener.log Command line argument: -Djava.util.logging.config.file=C:\Users\valez\Documents\NetBeansProjects\desarrollo\RefresqueriaVicoWeb\RefresqueriaVicoGestion\conf\logging.properties
18-Jun-2025 22:11:07.607 INFO [main] org.apache.catalina.startup.VersionLoggerListener.log Command line argument: -Djava.util.logging.manager=org.apache.juli.ClassLoaderLogManager
18-Jun-2025 22:11:07.607 INFO [main] org.apache.catalina.startup.VersionLoggerListener.log Command line argument: -javaagent:C:\Program Files\JetBrains\IntelliJ IDEA 2023.3.4\lib\idea_rt.jar=60278:C:\Program Files\JetBrains\IntelliJ IDEA 2023.3.4\bin
18-Jun-2025 22:11:07.607 INFO [main] org.apache.catalina.startup.VersionLoggerListener.log Command line argument: -Dfile.encoding=UTF-8
18-Jun-2025 22:11:07.617 INFO [main] org.apache.catalina.core.AprLifecycleListener.lifecycleEvent The Apache Tomcat Native library which allows using OpenSSL was not found on the java.library.path: [C:\Users\valez\.jdks\corretto-17.0.10\bin;C:\WINDOWS\Sun\Java\bin;C:\WINDOWS\system32;C:\WINDOWS;C:\Program Files (x86)\Common Files\Oracle\Java\javapath;C:\Program Files\Common Files\Oracle\Java\javapath;C:\Windows\system32;C:\Windows;C:\Windows\System32\Wbem;C:\Windows\System32\WindowsPowerShell\v1.0\;C:\Windows\System32\OpenSSH\;C:\Program Files (x86)\NVIDIA Corporation\PhysX\Common;C:\Program Files\Git\cmd;C:\Program Files\Microsoft SQL Server\150\Tools\Binn\;C:\Program Files\Microsoft SQL Server\Client SDK\ODBC\170\Tools\Binn\;C:\Program Files\dotnet\;C:\Program Files\nodejs\;C:\WINDOWS\system32;C:\WINDOWS;C:\WINDOWS\System32\Wbem;C:\WINDOWS\System32\WindowsPowerShell\v1.0\;C:\WINDOWS\System32\OpenSSH\;C:\Program Files (x86)\MySQL\MySQL Fabric 1.5 & MySQL Utilities 1.5\;C:\Program Files (x86)\MySQL\MySQL Fabric 1.5 & MySQL Utilities 1.5\Doctrine extensions for PHP\;C:\Program Files\NVIDIA Corporation\NVIDIA App\NvDLISR;C:\Program Files\Cloudflare\Cloudflare WARP\;C:\Users\valez\AppData\Local\Microsoft\WindowsApps;C:\Users\valez\AppData\Local\Programs\Microsoft VS Code\bin;C:\Users\valez\AppData\Local\GitHubDesktop\bin;C:\Users\valez\.dotnet\tools;C:\Users\valez\AppData\Roaming\npm;C:\Users\valez\Documents\Personal\sqlite\sqlite-tools-win-x64-3490100;;.]
18-Jun-2025 22:11:07.922 INFO [main] org.apache.coyote.AbstractProtocol.init Initializing ProtocolHandler ["http-nio-8081"]
18-Jun-2025 22:11:07.941 INFO [main] org.apache.catalina.startup.Catalina.load Server initialization in [672] milliseconds
18-Jun-2025 22:11:07.995 INFO [main] org.apache.catalina.core.StandardService.startInternal Starting service [Catalina]
18-Jun-2025 22:11:07.996 INFO [main] org.apache.catalina.core.StandardEngine.startInternal Starting Servlet engine: [Apache Tomcat/9.0.105]
18-Jun-2025 22:11:08.006 INFO [main] org.apache.catalina.startup.HostConfig.deployDescriptor Deploying deployment descriptor [C:\Users\valez\Documents\NetBeansProjects\desarrollo\RefresqueriaVicoWeb\RefresqueriaVicoGestion\conf\Catalina\localhost\RefresqueriaVicoGestion.xml]
18-Jun-2025 22:11:11.813 INFO [main] org.apache.jasper.servlet.TldScanner.scanJars At least one JAR was scanned for TLDs yet contained no TLDs. Enable debug logging for this logger for a complete list of JARs that were scanned but no TLDs were found in them. Skipping unneeded JARs during scanning can improve startup time and JSP compilation time.
18-Jun-2025 22:11:11.897 INFO [main] org.apache.catalina.startup.HostConfig.deployDescriptor Deployment of deployment descriptor [C:\Users\valez\Documents\NetBeansProjects\desarrollo\RefresqueriaVicoWeb\RefresqueriaVicoGestion\conf\Catalina\localhost\RefresqueriaVicoGestion.xml] has finished in [3,891] ms
18-Jun-2025 22:11:11.902 INFO [main] org.apache.coyote.AbstractProtocol.start Starting ProtocolHandler ["http-nio-8081"]
18-Jun-2025 22:11:11.942 INFO [main] org.apache.catalina.startup.Catalina.start Server startup in [4000] milliseconds
